<?xml version="1.0" encoding="UTF-8"?>
<!-- Generated by org.testng.reporters.JUnitXMLReporter -->
<testsuite hostname="LP-5CD2081L0B" ignored="0" name="Test1" tests="3" failures="0" timestamp="28 Aug 2023 06:53:42 GMT" time="0.028" errors="0">
  <testcase name="search" time="0.007" classname="com.testng.examples.Amazon"/>
  <testcase name="reg" time="0.007" classname="com.testng.examples.Amazon"/>
  <testcase name="login" time="0.007" classname="com.testng.examples.Amazon"/>
</testsuite> <!-- Test1 -->
